[12785:12785:1111/230303.061141:ERROR:sandbox_linux.cc(369)] InitializeSandbox() called with multiple threads in process gpu-process.
[12785:12785:1111/230303.627796:ERROR:buffer_manager.cc(488)] [.DisplayCompositor]GL ERROR :GL_INVALID_OPERATION : glBufferData: <- error from previous GL command
[12785:12785:1111/232611.054417:ERROR:buffer_manager.cc(488)] [.DisplayCompositor]GL ERROR :GL_INVALID_OPERATION : glBufferData: <- error from previous GL command
[12785:12785:1111/232730.557835:ERROR:buffer_manager.cc(488)] [.DisplayCompositor]GL ERROR :GL_INVALID_OPERATION : glBufferData: <- error from previous GL command
[12794:14941:1111/232941.009431:ERROR:cert_verify_proc_nss.cc(1011)] CERT_PKIXVerifyCert for store.nerokas.co.ke failed err=-8181
[12794:12826:1111/232941.016725:ERROR:ssl_client_socket_impl.cc(969)] handshake failed; returned -1, SSL error code 1, net_error -201
[12785:12785:1111/233131.719587:ERROR:buffer_manager.cc(488)] [.DisplayCompositor]GL ERROR :GL_INVALID_OPERATION : glBufferData: <- error from previous GL command
[12785:12785:1111/233142.606317:ERROR:buffer_manager.cc(488)] [.DisplayCompositor]GL ERROR :GL_INVALID_OPERATION : glBufferData: <- error from previous GL command
[12785:12785:1111/233159.776499:ERROR:buffer_manager.cc(488)] [.DisplayCompositor]GL ERROR :GL_INVALID_OPERATION : glBufferData: <- error from previous GL command
[12785:12785:1111/233210.095724:ERROR:buffer_manager.cc(488)] [.DisplayCompositor]GL ERROR :GL_INVALID_OPERATION : glBufferData: <- error from previous GL command
[12785:12785:1111/233224.234171:ERROR:buffer_manager.cc(488)] [.DisplayCompositor]GL ERROR :GL_INVALID_OPERATION : glBufferData: <- error from previous GL command
[12785:12785:1111/233249.075326:ERROR:buffer_manager.cc(488)] [.DisplayCompositor]GL ERROR :GL_INVALID_OPERATION : glBufferData: <- error from previous GL command
[12785:12785:1111/233344.661480:ERROR:buffer_manager.cc(488)] [.DisplayCompositor]GL ERROR :GL_INVALID_OPERATION : glBufferData: <- error from previous GL command
[12785:12785:1111/233354.703627:ERROR:buffer_manager.cc(488)] [.DisplayCompositor]GL ERROR :GL_INVALID_OPERATION : glBufferData: <- error from previous GL command
[12785:12785:1111/233420.500404:ERROR:buffer_manager.cc(488)] [.DisplayCompositor]GL ERROR :GL_INVALID_OPERATION : glBufferData: <- error from previous GL command
[12785:12785:1111/233724.559585:ERROR:buffer_manager.cc(488)] [.DisplayCompositor]GL ERROR :GL_INVALID_OPERATION : glBufferData: <- error from previous GL command
[12785:12785:1111/233758.972668:ERROR:buffer_manager.cc(488)] [.DisplayCompositor]GL ERROR :GL_INVALID_OPERATION : glBufferData: <- error from previous GL command
[12785:12785:1111/233803.504290:ERROR:buffer_manager.cc(488)] [.DisplayCompositor]GL ERROR :GL_INVALID_OPERATION : glBufferData: <- error from previous GL command
[12785:12785:1111/233804.879648:ERROR:buffer_manager.cc(488)] [.DisplayCompositor]GL ERROR :GL_INVALID_OPERATION : glBufferData: <- error from previous GL command
[12785:12785:1111/233947.736390:ERROR:buffer_manager.cc(488)] [.DisplayCompositor]GL ERROR :GL_INVALID_OPERATION : glBufferData: <- error from previous GL command
[12785:12785:1111/234440.786142:ERROR:buffer_manager.cc(488)] [.DisplayCompositor]GL ERROR :GL_INVALID_OPERATION : glBufferData: <- error from previous GL command
[12794:15714:1111/234452.912577:ERROR:cert_verify_proc_nss.cc(1011)] CERT_PKIXVerifyCert for raw.githubusercontent.com failed err=-8179
[12794:12826:1111/234452.912879:ERROR:ssl_client_socket_impl.cc(969)] handshake failed; returned -1, SSL error code 1, net_error -202
Fontconfig error: Cannot load default config file
[12785:12785:1112/001154.485580:ERROR:buffer_manager.cc(488)] [.DisplayCompositor]GL ERROR :GL_INVALID_OPERATION : glBufferData: <- error from previous GL command
[12785:12785:1112/001339.858852:ERROR:buffer_manager.cc(488)] [.DisplayCompositor]GL ERROR :GL_INVALID_OPERATION : glBufferData: <- error from previous GL command
[12785:12785:1112/001358.972973:ERROR:buffer_manager.cc(488)] [.DisplayCompositor]GL ERROR :GL_INVALID_OPERATION : glBufferData: <- error from previous GL command
[12785:12785:1112/002649.240498:ERROR:buffer_manager.cc(488)] [.DisplayCompositor]GL ERROR :GL_INVALID_OPERATION : glBufferData: <- error from previous GL command
[12785:12785:1112/002652.577341:ERROR:buffer_manager.cc(488)] [.DisplayCompositor]GL ERROR :GL_INVALID_OPERATION : glBufferData: <- error from previous GL command
[12785:12785:1112/002854.397046:ERROR:buffer_manager.cc(488)] [.DisplayCompositor]GL ERROR :GL_INVALID_OPERATION : glBufferData: <- error from previous GL command
[12785:12785:1112/002855.853232:ERROR:buffer_manager.cc(488)] [.DisplayCompositor]GL ERROR :GL_INVALID_OPERATION : glBufferData: <- error from previous GL command
[12785:12785:1112/002910.497685:ERROR:buffer_manager.cc(488)] [.DisplayCompositor]GL ERROR :GL_INVALID_OPERATION : glBufferData: <- error from previous GL command
[12785:12785:1112/002912.510027:ERROR:buffer_manager.cc(488)] [.DisplayCompositor]GL ERROR :GL_INVALID_OPERATION : glBufferData: <- error from previous GL command
[12785:12785:1112/002914.797495:ERROR:buffer_manager.cc(488)] [.DisplayCompositor]GL ERROR :GL_INVALID_OPERATION : glBufferData: <- error from previous GL command
[12785:12785:1112/003105.832656:ERROR:shared_image_manager.cc(120)] SharedImageManager::ProduceGLTexture: Trying to produce a representation from a non-existent mailbox. 8E:17:A2:B9:CB:66:F9:67:25:44:A6:AD:29:E1:10:A9
[12785:12785:1112/003105.832835:ERROR:gles2_cmd_decoder.cc(18526)] [.DisplayCompositor]GL ERROR :GL_INVALID_OPERATION : DoCreateAndTexStorage2DSharedImageINTERNAL: invalid mailbox name
[12785:12785:1112/003105.832905:ERROR:gles2_cmd_decoder.cc(18547)] [.DisplayCompositor]GL ERROR :GL_INVALID_OPERATION : DoBeginSharedImageAccessCHROMIUM: bound texture is not a shared image
[12785:12785:1112/003105.832960:ERROR:gles2_cmd_decoder.cc(18576)] [.DisplayCompositor]GL ERROR :GL_INVALID_OPERATION : DoEndSharedImageAccessCHROMIUM: bound texture is not a shared image
[12785:12785:1112/003105.833009:ERROR:shared_image_manager.cc(120)] SharedImageManager::ProduceGLTexture: Trying to produce a representation from a non-existent mailbox. 07:FD:8D:40:CE:26:03:FD:3E:F6:E3:42:42:A8:4A:71
[12785:12785:1112/003105.833062:ERROR:gles2_cmd_decoder.cc(18526)] [.DisplayCompositor]GL ERROR :GL_INVALID_OPERATION : DoCreateAndTexStorage2DSharedImageINTERNAL: invalid mailbox name
[12785:12785:1112/003105.833216:ERROR:gles2_cmd_decoder.cc(18547)] [.DisplayCompositor]GL ERROR :GL_INVALID_OPERATION : DoBeginSharedImageAccessCHROMIUM: bound texture is not a shared image
[12785:12785:1112/003105.833299:ERROR:gles2_cmd_decoder.cc(18547)] [.DisplayCompositor]GL ERROR :GL_INVALID_OPERATION : DoBeginSharedImageAccessCHROMIUM: bound texture is not a shared image
[12785:12785:1112/003105.833407:ERROR:gles2_cmd_decoder.cc(10752)] [.DisplayCompositor]RENDER WARNING: texture bound to texture unit 0 is not renderable. It might be non-power-of-2 or have incompatible texture filtering (maybe)?
[12785:12785:1112/003105.833527:ERROR:gles2_cmd_decoder.cc(18576)] [.DisplayCompositor]GL ERROR :GL_INVALID_OPERATION : DoEndSharedImageAccessCHROMIUM: bound texture is not a shared image
[12785:12785:1112/003105.833613:ERROR:gles2_cmd_decoder.cc(18576)] [.DisplayCompositor]GL ERROR :GL_INVALID_OPERATION : DoEndSharedImageAccessCHROMIUM: bound texture is not a shared image
[12785:12785:1112/003105.833710:ERROR:shared_image_manager.cc(120)] SharedImageManager::ProduceGLTexture: Trying to produce a representation from a non-existent mailbox. 36:38:6A:C5:0B:AD:3D:59:99:B4:8A:11:5A:6B:C3:E3
[12785:12785:1112/003105.833792:ERROR:gles2_cmd_decoder.cc(18526)] [.DisplayCompositor]GL ERROR :GL_INVALID_OPERATION : DoCreateAndTexStorage2DSharedImageINTERNAL: invalid mailbox name
[12785:12785:1112/003105.833868:ERROR:gles2_cmd_decoder.cc(18547)] [.DisplayCompositor]GL ERROR :GL_INVALID_OPERATION : DoBeginSharedImageAccessCHROMIUM: bound texture is not a shared image
[12785:12785:1112/003105.833934:ERROR:gles2_cmd_decoder.cc(18547)] [.DisplayCompositor]GL ERROR :GL_INVALID_OPERATION : DoBeginSharedImageAccessCHROMIUM: bound texture is not a shared image
[12785:12785:1112/003105.834194:ERROR:gles2_cmd_decoder.cc(10752)] [.DisplayCompositor]RENDER WARNING: texture bound to texture unit 0 is not renderable. It might be non-power-of-2 or have incompatible texture filtering (maybe)?
[12785:12785:1112/003105.834374:ERROR:gles2_cmd_decoder.cc(18576)] [.DisplayCompositor]GL ERROR :GL_INVALID_OPERATION : DoEndSharedImageAccessCHROMIUM: bound texture is not a shared image
[12785:12785:1112/003105.834474:ERROR:gles2_cmd_decoder.cc(18576)] [.DisplayCompositor]GL ERROR :GL_INVALID_OPERATION : DoEndSharedImageAccessCHROMIUM: bound texture is not a shared image
[12785:12785:1112/003105.834551:ERROR:shared_image_manager.cc(120)] SharedImageManager::ProduceGLTexture: Trying to produce a representation from a non-existent mailbox. CB:CE:82:F3:BB:52:87:19:19:BD:DB:32:D5:43:7B:0D
[12785:12785:1112/003105.834637:ERROR:gles2_cmd_decoder.cc(18526)] [.DisplayCompositor]GL ERROR :GL_INVALID_OPERATION : DoCreateAndTexStorage2DSharedImageINTERNAL: invalid mailbox name
[12785:12785:1112/003105.834714:ERROR:gles2_cmd_decoder.cc(18547)] [.DisplayCompositor]GL ERROR :GL_INVALID_OPERATION : DoBeginSharedImageAccessCHROMIUM: bound texture is not a shared image
[12785:12785:1112/003105.834789:ERROR:gles2_cmd_decoder.cc(18547)] [.DisplayCompositor]GL ERROR :GL_INVALID_OPERATION : DoBeginSharedImageAccessCHROMIUM: bound texture is not a shared image
[12785:12785:1112/003105.834874:ERROR:gles2_cmd_decoder.cc(10752)] [.DisplayCompositor]RENDER WARNING: texture bound to texture unit 0 is not renderable. It might be non-power-of-2 or have incompatible texture filtering (maybe)?
[12785:12785:1112/003105.834969:ERROR:gles2_cmd_decoder.cc(18576)] [.DisplayCompositor]GL ERROR :GL_INVALID_OPERATION : DoEndSharedImageAccessCHROMIUM: bound texture is not a shared image
[12785:12785:1112/003105.835044:ERROR:gles2_cmd_decoder.cc(18576)] [.DisplayCompositor]GL ERROR :GL_INVALID_OPERATION : DoEndSharedImageAccessCHROMIUM: bound texture is not a shared image
[12785:12785:1112/003105.835290:ERROR:gles2_cmd_decoder.cc(18547)] [.DisplayCompositor]GL ERROR :GL_INVALID_OPERATION : DoBeginSharedImageAccessCHROMIUM: bound texture is not a shared image
[12785:12785:1112/003105.835405:ERROR:gles2_cmd_decoder.cc(10752)] [.DisplayCompositor]RENDER WARNING: texture bound to texture unit 0 is not renderable. It might be non-power-of-2 or have incompatible texture filtering (maybe)?
[12785:12785:1112/003105.835511:ERROR:gles2_cmd_decoder.cc(18576)] [.DisplayCompositor]GL ERROR :GL_INVALID_OPERATION : DoEndSharedImageAccessCHROMIUM: bound texture is not a shared image
[12785:12785:1112/003105.856562:ERROR:gles2_cmd_decoder.cc(18547)] [.DisplayCompositor]GL ERROR :GL_INVALID_OPERATION : DoBeginSharedImageAccessCHROMIUM: bound texture is not a shared image
[12785:12785:1112/003105.856748:ERROR:gles2_cmd_decoder.cc(18576)] [.DisplayCompositor]GL ERROR :GL_INVALID_OPERATION : DoEndSharedImageAccessCHROMIUM: bound texture is not a shared image
[12785:12785:1112/003105.858499:ERROR:gles2_cmd_decoder.cc(18547)] [.DisplayCompositor]GL ERROR :GL_INVALID_OPERATION : DoBeginSharedImageAccessCHROMIUM: bound texture is not a shared image
[12785:12785:1112/003105.860797:ERROR:gles2_cmd_decoder.cc(18547)] [.DisplayCompositor]GL ERROR :GL_INVALID_OPERATION : DoBeginSharedImageAccessCHROMIUM: bound texture is not a shared image
[12785:12785:1112/003105.860928:ERROR:gles2_cmd_decoder.cc(10752)] [.DisplayCompositor]RENDER WARNING: texture bound to texture unit 0 is not renderable. It might be non-power-of-2 or have incompatible texture filtering (maybe)?
[12785:12785:1112/003105.861033:ERROR:gles2_cmd_decoder.cc(18576)] [.DisplayCompositor]GL ERROR :GL_INVALID_OPERATION : DoEndSharedImageAccessCHROMIUM: bound texture is not a shared image
[12785:12785:1112/003105.861104:ERROR:gles2_cmd_decoder.cc(18576)] [.DisplayCompositor]GL ERROR :GL_INVALID_OPERATION : DoEndSharedImageAccessCHROMIUM: bound texture is not a shared image
[12785:12785:1112/003105.861678:ERROR:gles2_cmd_decoder.cc(18547)] [.DisplayCompositor]GL ERROR :GL_INVALID_OPERATION : DoBeginSharedImageAccessCHROMIUM: bound texture is not a shared image
[12785:12785:1112/003105.861816:ERROR:gles2_cmd_decoder.cc(18547)] [.DisplayCompositor]GL ERROR :GL_INVALID_OPERATION : DoBeginSharedImageAccessCHROMIUM: bound texture is not a shared image
[12785:12785:1112/003105.861890:ERROR:gles2_cmd_decoder.cc(10752)] [.DisplayCompositor]RENDER WARNING: texture bound to texture unit 0 is not renderable. It might be non-power-of-2 or have incompatible texture filtering (maybe)?
[12785:12785:1112/003105.861971:ERROR:gles2_cmd_decoder.cc(18576)] [.DisplayCompositor]GL ERROR :GL_INVALID_OPERATION : DoEndSharedImageAccessCHROMIUM: bound texture is not a shared image
[12785:12785:1112/003105.862017:ERROR:gles2_cmd_decoder.cc(18576)] [.DisplayCompositor]GL ERROR :GL_INVALID_OPERATION : DoEndSharedImageAccessCHROMIUM: bound texture is not a shared image
[12785:12785:1112/003105.862057:ERROR:gles2_cmd_decoder.cc(18547)] [.DisplayCompositor]GL ERROR :GL_INVALID_OPERATION : DoBeginSharedImageAccessCHROMIUM: bound texture is not a shared image
[12785:12785:1112/003105.862121:ERROR:gles2_cmd_decoder.cc(18547)] [.DisplayCompositor]GL ERROR :GL_INVALID_OPERATION : DoBeginSharedImageAccessCHROMIUM: bound texture is not a shared image
[12785:12785:1112/003105.862181:ERROR:gles2_cmd_decoder.cc(10752)] [.DisplayCompositor]RENDER WARNING: texture bound to texture unit 0 is not renderable. It might be non-power-of-2 or have incompatible texture filtering (maybe)?
[12785:12785:1112/003105.862240:ERROR:gles2_cmd_decoder.cc(18576)] [.DisplayCompositor]GL ERROR :GL_INVALID_OPERATION : DoEndSharedImageAccessCHROMIUM: bound texture is not a shared image
[12785:12785:1112/003105.862283:ERROR:gles2_cmd_decoder.cc(18576)] [.DisplayCompositor]GL ERROR :GL_INVALID_OPERATION : DoEndSharedImageAccessCHROMIUM: bound texture is not a shared image
[12785:12785:1112/003105.862323:ERROR:gles2_cmd_decoder.cc(18547)] [.DisplayCompositor]GL ERROR :GL_INVALID_OPERATION : DoBeginSharedImageAccessCHROMIUM: bound texture is not a shared image
[12785:12785:1112/003105.862370:ERROR:gles2_cmd_decoder.cc(10752)] [.DisplayCompositor]RENDER WARNING: texture bound to texture unit 0 is not renderable. It might be non-power-of-2 or have incompatible texture filtering (maybe)?
[12785:12785:1112/003105.862426:ERROR:gles2_cmd_decoder.cc(18576)] [.DisplayCompositor]GL ERROR :GL_INVALID_OPERATION : DoEndSharedImageAccessCHROMIUM: bound texture is not a shared image
[12785:12785:1112/003133.029042:ERROR:buffer_manager.cc(488)] [.DisplayCompositor]GL ERROR :GL_INVALID_OPERATION : glBufferData: <- error from previous GL command
[12785:12785:1112/003419.266923:ERROR:shared_image_manager.cc(120)] SharedImageManager::ProduceGLTexture: Trying to produce a representation from a non-existent mailbox. 52:05:6E:EB:71:53:E0:15:88:E0:81:8B:46:BA:6C:BF
[12785:12785:1112/003419.267449:ERROR:gles2_cmd_decoder.cc(18526)] [.DisplayCompositor]GL ERROR :GL_INVALID_OPERATION : DoCreateAndTexStorage2DSharedImageINTERNAL: invalid mailbox name
[12785:12785:1112/003419.269075:ERROR:gles2_cmd_decoder.cc(18547)] [.DisplayCompositor]GL ERROR :GL_INVALID_OPERATION : DoBeginSharedImageAccessCHROMIUM: bound texture is not a shared image
[12785:12785:1112/003419.270145:ERROR:gles2_cmd_decoder.cc(18576)] [.DisplayCompositor]GL ERROR :GL_INVALID_OPERATION : DoEndSharedImageAccessCHROMIUM: bound texture is not a shared image
[12785:12785:1112/003419.270545:ERROR:shared_image_manager.cc(120)] SharedImageManager::ProduceGLTexture: Trying to produce a representation from a non-existent mailbox. 4A:1E:08:94:9C:D1:9D:3D:46:C8:12:C5:17:76:1C:39
[12785:12785:1112/003419.270655:ERROR:gles2_cmd_decoder.cc(18526)] [.DisplayCompositor]GL ERROR :GL_INVALID_OPERATION : DoCreateAndTexStorage2DSharedImageINTERNAL: invalid mailbox name
[12785:12785:1112/003419.270719:ERROR:gles2_cmd_decoder.cc(18547)] [.DisplayCompositor]GL ERROR :GL_INVALID_OPERATION : DoBeginSharedImageAccessCHROMIUM: bound texture is not a shared image
[12785:12785:1112/003419.270794:ERROR:gles2_cmd_decoder.cc(18547)] [.DisplayCompositor]GL ERROR :GL_INVALID_OPERATION : DoBeginSharedImageAccessCHROMIUM: bound texture is not a shared image
[12785:12785:1112/003419.270923:ERROR:gles2_cmd_decoder.cc(10752)] [.DisplayCompositor]RENDER WARNING: texture bound to texture unit 0 is not renderable. It might be non-power-of-2 or have incompatible texture filtering (maybe)?
[12785:12785:1112/003419.271030:ERROR:gles2_cmd_decoder.cc(18576)] [.DisplayCompositor]GL ERROR :GL_INVALID_OPERATION : DoEndSharedImageAccessCHROMIUM: bound texture is not a shared image
[12785:12785:1112/003419.271096:ERROR:gles2_cmd_decoder.cc(18576)] [.DisplayCompositor]GL ERROR :GL_INVALID_OPERATION : DoEndSharedImageAccessCHROMIUM: bound texture is not a shared image
[12785:12785:1112/003419.272124:ERROR:gles2_cmd_decoder.cc(18547)] [.DisplayCompositor]GL ERROR :GL_INVALID_OPERATION : DoBeginSharedImageAccessCHROMIUM: bound texture is not a shared image
[12785:12785:1112/003419.272355:ERROR:gles2_cmd_decoder.cc(10752)] [.DisplayCompositor]RENDER WARNING: texture bound to texture unit 0 is not renderable. It might be non-power-of-2 or have incompatible texture filtering (maybe)?
[12785:12785:1112/003419.272498:ERROR:gles2_cmd_decoder.cc(18576)] [.DisplayCompositor]GL ERROR :GL_INVALID_OPERATION : DoEndSharedImageAccessCHROMIUM: bound texture is not a shared image
[12785:12785:1112/003419.286322:ERROR:gles2_cmd_decoder.cc(18547)] [.DisplayCompositor]GL ERROR :GL_INVALID_OPERATION : DoBeginSharedImageAccessCHROMIUM: bound texture is not a shared image
[12785:12785:1112/003419.286956:ERROR:gles2_cmd_decoder.cc(18576)] [.DisplayCompositor]GL ERROR :GL_INVALID_OPERATION : DoEndSharedImageAccessCHROMIUM: bound texture is not a shared image
[12785:12785:1112/003419.287118:ERROR:gles2_cmd_decoder.cc(18547)] [.DisplayCompositor]GL ERROR :GL_INVALID_OPERATION : DoBeginSharedImageAccessCHROMIUM: bound texture is not a shared image
[12785:12785:1112/003419.287843:ERROR:gles2_cmd_decoder.cc(18547)] [.DisplayCompositor]GL ERROR :GL_INVALID_OPERATION : DoBeginSharedImageAccessCHROMIUM: bound texture is not a shared image
[12785:12785:1112/003419.288023:ERROR:gles2_cmd_decoder.cc(10752)] [.DisplayCompositor]RENDER WARNING: texture bound to texture unit 0 is not renderable. It might be non-power-of-2 or have incompatible texture filtering (maybe)?
[12785:12785:1112/003419.288173:ERROR:gles2_cmd_decoder.cc(18576)] [.DisplayCompositor]GL ERROR :GL_INVALID_OPERATION : DoEndSharedImageAccessCHROMIUM: bound texture is not a shared image
[12785:12785:1112/003419.288255:ERROR:gles2_cmd_decoder.cc(18576)] [.DisplayCompositor]GL ERROR :GL_INVALID_OPERATION : DoEndSharedImageAccessCHROMIUM: bound texture is not a shared image
[12785:12785:1112/003419.288309:ERROR:gles2_cmd_decoder.cc(18547)] [.DisplayCompositor]GL ERROR :GL_INVALID_OPERATION : DoBeginSharedImageAccessCHROMIUM: bound texture is not a shared image
[12785:12785:1112/003419.288365:ERROR:gles2_cmd_decoder.cc(10752)] [.DisplayCompositor]RENDER WARNING: texture bound to texture unit 0 is not renderable. It might be non-power-of-2 or have incompatible texture filtering (maybe)?
[12785:12785:1112/003419.288427:ERROR:gles2_cmd_decoder.cc(18576)] [.DisplayCompositor]GL ERROR :GL_INVALID_OPERATION : DoEndSharedImageAccessCHROMIUM: bound texture is not a shared image
[12785:12785:1112/003419.301547:ERROR:gles2_cmd_decoder.cc(18547)] [.DisplayCompositor]GL ERROR :GL_INVALID_OPERATION : DoBeginSharedImageAccessCHROMIUM: bound texture is not a shared image
[12785:12785:1112/003419.301683:ERROR:gles2_cmd_decoder.cc(18576)] [.DisplayCompositor]GL ERROR :GL_INVALID_OPERATION : DoEndSharedImageAccessCHROMIUM: bound texture is not a shared image
[12785:12785:1112/003419.301754:ERROR:gles2_cmd_decoder.cc(18547)] [.DisplayCompositor]GL ERROR :GL_INVALID_OPERATION : DoBeginSharedImageAccessCHROMIUM: bound texture is not a shared image
[12785:12785:1112/003419.301822:ERROR:gles2_cmd_decoder.cc(18547)] [.DisplayCompositor]GL ERROR :GL_INVALID_OPERATION : DoBeginSharedImageAccessCHROMIUM: bound texture is not a shared image
[12785:12785:1112/003419.301891:ERROR:gles2_cmd_decoder.cc(10752)] [.DisplayCompositor]RENDER WARNING: texture bound to texture unit 0 is not renderable. It might be non-power-of-2 or have incompatible texture filtering (maybe)?
[12785:12785:1112/003419.301995:ERROR:gles2_cmd_decoder.cc(18576)] [.DisplayCompositor]GL ERROR :GL_INVALID_OPERATION : DoEndSharedImageAccessCHROMIUM: bound texture is not a shared image
[12785:12785:1112/003419.302053:ERROR:gles2_cmd_decoder.cc(18576)] [.DisplayCompositor]GL ERROR :GL_INVALID_OPERATION : DoEndSharedImageAccessCHROMIUM: bound texture is not a shared image
[12785:12785:1112/003419.302131:ERROR:gles2_cmd_decoder.cc(18547)] [.DisplayCompositor]GL ERROR :GL_INVALID_OPERATION : DoBeginSharedImageAccessCHROMIUM: bound texture is not a shared image
[12785:12785:1112/003419.302198:ERROR:gles2_cmd_decoder.cc(10752)] [.DisplayCompositor]RENDER WARNING: texture bound to texture unit 0 is not renderable. It might be non-power-of-2 or have incompatible texture filtering (maybe)?
[12785:12785:1112/003419.302255:ERROR:gles2_cmd_decoder.cc(18576)] [.DisplayCompositor]GL ERROR :GL_INVALID_OPERATION : DoEndSharedImageAccessCHROMIUM: bound texture is not a shared image
[12785:12785:1112/003419.317482:ERROR:gles2_cmd_decoder.cc(18547)] [.DisplayCompositor]GL ERROR :GL_INVALID_OPERATION : DoBeginSharedImageAccessCHROMIUM: bound texture is not a shared image
[12785:12785:1112/003419.317697:ERROR:gles2_cmd_decoder.cc(18576)] [.DisplayCompositor]GL ERROR :GL_INVALID_OPERATION : DoEndSharedImageAccessCHROMIUM: bound texture is not a shared image
[12785:12785:1112/003419.317826:ERROR:gles2_cmd_decoder.cc(18547)] [.DisplayCompositor]GL ERROR :GL_INVALID_OPERATION : DoBeginSharedImageAccessCHROMIUM: bound texture is not a shared image
[12785:12785:1112/003419.317935:ERROR:gles2_cmd_decoder.cc(18547)] [.DisplayCompositor]GL ERROR :GL_INVALID_OPERATION : DoBeginSharedImageAccessCHROMIUM: bound texture is not a shared image
[12785:12785:1112/003419.318027:ERROR:gles2_cmd_decoder.cc(10752)] [.DisplayCompositor]RENDER WARNING: texture bound to texture unit 0 is not renderable. It might be non-power-of-2 or have incompatible texture filtering (maybe)?
[12785:12785:1112/003419.318201:ERROR:gles2_cmd_decoder.cc(18576)] [.DisplayCompositor]GL ERROR :GL_INVALID_OPERATION : DoEndSharedImageAccessCHROMIUM: bound texture is not a shared image
[12785:12785:1112/003419.318281:ERROR:gles2_cmd_decoder.cc(18576)] [.DisplayCompositor]GL ERROR :GL_INVALID_OPERATION : DoEndSharedImageAccessCHROMIUM: bound texture is not a shared image
[12785:12785:1112/003419.318372:ERROR:gles2_cmd_decoder.cc(18547)] [.DisplayCompositor]GL ERROR :GL_INVALID_OPERATION : DoBeginSharedImageAccessCHROMIUM: bound texture is not a shared image
[12785:12785:1112/003419.318453:ERROR:gles2_cmd_decoder.cc(10752)] [.DisplayCompositor]RENDER WARNING: texture bound to texture unit 0 is not renderable. It might be non-power-of-2 or have incompatible texture filtering (maybe)?
[12785:12785:1112/003419.318545:ERROR:gles2_cmd_decoder.cc(18576)] [.DisplayCompositor]GL ERROR :GL_INVALID_OPERATION : DoEndSharedImageAccessCHROMIUM: bound texture is not a shared image
[12785:12785:1112/003419.332856:ERROR:gles2_cmd_decoder.cc(18547)] [.DisplayCompositor]GL ERROR :GL_INVALID_OPERATION : DoBeginSharedImageAccessCHROMIUM: bound texture is not a shared image
[12785:12785:1112/003419.332999:ERROR:gles2_cmd_decoder.cc(18576)] [.DisplayCompositor]GL ERROR :GL_INVALID_OPERATION : DoEndSharedImageAccessCHROMIUM: bound texture is not a shared image
[12785:12785:1112/003419.333073:ERROR:gles2_cmd_decoder.cc(18547)] [.DisplayCompositor]GL ERROR :GL_INVALID_OPERATION : DoBeginSharedImageAccessCHROMIUM: bound texture is not a shared image
[12785:12785:1112/003419.333159:ERROR:gles2_cmd_decoder.cc(18547)] [.DisplayCompositor]GL ERROR :GL_INVALID_OPERATION : DoBeginSharedImageAccessCHROMIUM: bound texture is not a shared image
[12785:12785:1112/003419.333261:ERROR:gles2_cmd_decoder.cc(10752)] [.DisplayCompositor]RENDER WARNING: texture bound to texture unit 0 is not renderable. It might be non-power-of-2 or have incompatible texture filtering (maybe)?
[12785:12785:1112/003419.333452:ERROR:gles2_cmd_decoder.cc(18576)] [.DisplayCompositor]GL ERROR :GL_INVALID_OPERATION : DoEndSharedImageAccessCHROMIUM: bound texture is not a shared image
[12785:12785:1112/003419.333544:ERROR:gles2_cmd_decoder.cc(18576)] [.DisplayCompositor]GL ERROR :GL_INVALID_OPERATION : DoEndSharedImageAccessCHROMIUM: bound texture is not a shared image
[12785:12785:1112/003419.333624:ERROR:gles2_cmd_decoder.cc(18547)] [.DisplayCompositor]GL ERROR :GL_INVALID_OPERATION : DoBeginSharedImageAccessCHROMIUM: bound texture is not a shared image
[12785:12785:1112/003419.333703:ERROR:gles2_cmd_decoder.cc(10752)] [.DisplayCompositor]RENDER WARNING: texture bound to texture unit 0 is not renderable. It might be non-power-of-2 or have incompatible texture filtering (maybe)?
[12785:12785:1112/003419.333797:ERROR:gles2_cmd_decoder.cc(18576)] [.DisplayCompositor]GL ERROR :GL_INVALID_OPERATION : DoEndSharedImageAccessCHROMIUM: bound texture is not a shared image
[12785:12785:1112/003419.350364:ERROR:gles2_cmd_decoder.cc(18547)] [.DisplayCompositor]GL ERROR :GL_INVALID_OPERATION : DoBeginSharedImageAccessCHROMIUM: bound texture is not a shared image
[12785:12785:1112/003419.350619:ERROR:gles2_cmd_decoder.cc(18576)] [.DisplayCompositor]GL ERROR :GL_INVALID_OPERATION : DoEndSharedImageAccessCHROMIUM: bound texture is not a shared image
[12785:12785:1112/003419.350787:ERROR:gles2_cmd_decoder.cc(18547)] [.DisplayCompositor]GL ERROR :GL_INVALID_OPERATION : DoBeginSharedImageAccessCHROMIUM: bound texture is not a shared image
[12785:12785:1112/003419.350909:ERROR:gles2_cmd_decoder.cc(18547)] [.DisplayCompositor]GL ERROR :GL_INVALID_OPERATION : DoBeginSharedImageAccessCHROMIUM: bound texture is not a shared image
[12785:12785:1112/003419.351014:ERROR:gles2_cmd_decoder.cc(10752)] [.DisplayCompositor]RENDER WARNING: texture bound to texture unit 0 is not renderable. It might be non-power-of-2 or have incompatible texture filtering (maybe)?
[12785:12785:1112/003419.351155:ERROR:gles2_cmd_decoder.cc(18576)] [.DisplayCompositor]GL ERROR :GL_INVALID_OPERATION : DoEndSharedImageAccessCHROMIUM: bound texture is not a shared image
[12785:12785:1112/003419.351239:ERROR:gles2_cmd_decoder.cc(18576)] [.DisplayCompositor]GL ERROR :GL_INVALID_OPERATION : DoEndSharedImageAccessCHROMIUM: bound texture is not a shared image
[12785:12785:1112/003419.351338:ERROR:gles2_cmd_decoder.cc(18547)] [.DisplayCompositor]GL ERROR :GL_INVALID_OPERATION : DoBeginSharedImageAccessCHROMIUM: bound texture is not a shared image
[12785:12785:1112/003419.351458:ERROR:gles2_cmd_decoder.cc(10752)] [.DisplayCompositor]RENDER WARNING: texture bound to texture unit 0 is not renderable. It might be non-power-of-2 or have incompatible texture filtering (maybe)?
[12785:12785:1112/003419.351586:ERROR:gles2_cmd_decoder.cc(18576)] [.DisplayCompositor]GL ERROR :GL_INVALID_OPERATION : DoEndSharedImageAccessCHROMIUM: bound texture is not a shared image
[12785:12785:1112/003419.364347:ERROR:gles2_cmd_decoder.cc(18547)] [.DisplayCompositor]GL ERROR :GL_INVALID_OPERATION : DoBeginSharedImageAccessCHROMIUM: bound texture is not a shared image
[12785:12785:1112/003419.364498:ERROR:gles2_cmd_decoder.cc(18576)] [.DisplayCompositor]GL ERROR :GL_INVALID_OPERATION : DoEndSharedImageAccessCHROMIUM: bound texture is not a shared image
[12785:12785:1112/003419.364600:ERROR:gles2_cmd_decoder.cc(18547)] [.DisplayCompositor]GL ERROR :GL_INVALID_OPERATION : DoBeginSharedImageAccessCHROMIUM: bound texture is not a shared image
[12785:12785:1112/003419.364701:ERROR:gles2_cmd_decoder.cc(18547)] [.DisplayCompositor]GL ERROR :GL_INVALID_OPERATION : DoBeginSharedImageAccessCHROMIUM: bound texture is not a shared image
[12785:12785:1112/003419.364793:ERROR:gles2_cmd_decoder.cc(10752)] [.DisplayCompositor]RENDER WARNING: texture bound to texture unit 0 is not renderable. It might be non-power-of-2 or have incompatible texture filtering (maybe)?
[12785:12785:1112/003419.364892:ERROR:gles2_cmd_decoder.cc(18576)] [.DisplayCompositor]GL ERROR :GL_INVALID_OPERATION : DoEndSharedImageAccessCHROMIUM: bound texture is not a shared image
[12785:12785:1112/003419.365012:ERROR:gles2_cmd_decoder.cc(18576)] [.DisplayCompositor]GL ERROR :GL_INVALID_OPERATION : DoEndSharedImageAccessCHROMIUM: bound texture is not a shared image
[12785:12785:1112/003419.365070:ERROR:gles2_cmd_decoder.cc(18547)] [.DisplayCompositor]GL ERROR :GL_INVALID_OPERATION : DoBeginSharedImageAccessCHROMIUM: bound texture is not a shared image
[12785:12785:1112/003419.365131:ERROR:gles2_cmd_decoder.cc(10752)] [.DisplayCompositor]RENDER WARNING: texture bound to texture unit 0 is not renderable. It might be non-power-of-2 or have incompatible texture filtering (maybe)?
[12785:12785:1112/003419.365199:ERROR:gles2_cmd_decoder.cc(18576)] [.DisplayCompositor]GL ERROR :GL_INVALID_OPERATION : DoEndSharedImageAccessCHROMIUM: bound texture is not a shared image
[12785:12785:1112/003419.383335:ERROR:gles2_cmd_decoder.cc(18547)] [.DisplayCompositor]GL ERROR :GL_INVALID_OPERATION : DoBeginSharedImageAccessCHROMIUM: bound texture is not a shared image
[12785:12785:1112/003419.383460:ERROR:gles2_cmd_decoder.cc(18576)] [.DisplayCompositor]GL ERROR :GL_INVALID_OPERATION : DoEndSharedImageAccessCHROMIUM: bound texture is not a shared image
[12785:12785:1112/003419.383546:ERROR:gles2_cmd_decoder.cc(18547)] [.DisplayCompositor]GL ERROR :GL_INVALID_OPERATION : DoBeginSharedImageAccessCHROMIUM: bound texture is not a shared image
[12785:12785:1112/003419.383621:ERROR:gles2_cmd_decoder.cc(18547)] [.DisplayCompositor]GL ERROR :GL_INVALID_OPERATION : DoBeginSharedImageAccessCHROMIUM: bound texture is not a shared image
[12785:12785:1112/003419.383707:ERROR:gles2_cmd_decoder.cc(10752)] [.DisplayCompositor]RENDER WARNING: texture bound to texture unit 0 is not renderable. It might be non-power-of-2 or have incompatible texture filtering (maybe)?
[12785:12785:1112/003419.383819:ERROR:gles2_cmd_decoder.cc(18576)] [.DisplayCompositor]GL ERROR :GL_INVALID_OPERATION : DoEndSharedImageAccessCHROMIUM: bound texture is not a shared image
[12785:12785:1112/003419.383882:ERROR:gles2_cmd_decoder.cc(18576)] [.DisplayCompositor]GL ERROR :GL_INVALID_OPERATION : DoEndSharedImageAccessCHROMIUM: bound texture is not a shared image
[12785:12785:1112/003419.383948:ERROR:gles2_cmd_decoder.cc(18547)] [.DisplayCompositor]GL ERROR :GL_INVALID_OPERATION : DoBeginSharedImageAccessCHROMIUM: bound texture is not a shared image
[12785:12785:1112/003419.384019:ERROR:gles2_cmd_decoder.cc(10752)] [.DisplayCompositor]RENDER WARNING: texture bound to texture unit 0 is not renderable. It might be non-power-of-2 or have incompatible texture filtering (maybe)?
[12785:12785:1112/003419.384090:ERROR:gles2_cmd_decoder.cc(18576)] [.DisplayCompositor]GL ERROR :GL_INVALID_OPERATION : DoEndSharedImageAccessCHROMIUM: bound texture is not a shared image
[12785:12785:1112/003419.400185:ERROR:gles2_cmd_decoder.cc(18547)] [.DisplayCompositor]GL ERROR :GL_INVALID_OPERATION : DoBeginSharedImageAccessCHROMIUM: bound texture is not a shared image
[12785:12785:1112/003419.400346:ERROR:gles2_cmd_decoder.cc(18576)] [.DisplayCompositor]GL ERROR :GL_INVALID_OPERATION : DoEndSharedImageAccessCHROMIUM: bound texture is not a shared image
[12785:12785:1112/003419.400460:ERROR:gles2_cmd_decoder.cc(18547)] [.DisplayCompositor]GL ERROR :GL_INVALID_OPERATION : DoBeginSharedImageAccessCHROMIUM: bound texture is not a shared image
[12785:12785:1112/003419.400559:ERROR:gles2_cmd_decoder.cc(18547)] [.DisplayCompositor]GL ERROR :GL_INVALID_OPERATION : DoBeginSharedImageAccessCHROMIUM: bound texture is not a shared image
[12785:12785:1112/003419.400692:ERROR:gles2_cmd_decoder.cc(10752)] [.DisplayCompositor]RENDER WARNING: texture bound to texture unit 0 is not renderable. It might be non-power-of-2 or have incompatible texture filtering (maybe)?
[12785:12785:1112/003419.400800:ERROR:gles2_cmd_decoder.cc(18576)] [.DisplayCompositor]GL ERROR :GL_INVALID_OPERATION : DoEndSharedImageAccessCHROMIUM: bound texture is not a shared image
[12785:12785:1112/003419.400888:ERROR:gles2_cmd_decoder.cc(18576)] [.DisplayCompositor]GL ERROR :GL_INVALID_OPERATION : DoEndSharedImageAccessCHROMIUM: bound texture is not a shared image
[12785:12785:1112/003419.401037:ERROR:gles2_cmd_decoder.cc(18547)] [.DisplayCompositor]GL ERROR :GL_INVALID_OPERATION : DoBeginSharedImageAccessCHROMIUM: bound texture is not a shared image
[12785:12785:1112/003419.401130:ERROR:gles2_cmd_decoder.cc(10752)] [.DisplayCompositor]RENDER WARNING: texture bound to texture unit 0 is not renderable. It might be non-power-of-2 or have incompatible texture filtering (maybe)?
[12785:12785:1112/003419.401217:ERROR:gles2_cmd_decoder.cc(18576)] [.DisplayCompositor]GL ERROR :GL_INVALID_OPERATION : DoEndSharedImageAccessCHROMIUM: bound texture is not a shared image
[12785:12785:1112/003419.416960:ERROR:gles2_cmd_decoder.cc(18547)] [.DisplayCompositor]GL ERROR :GL_INVALID_OPERATION : DoBeginSharedImageAccessCHROMIUM: bound texture is not a shared image
[12785:12785:1112/003419.417114:ERROR:gles2_cmd_decoder.cc(18576)] [.DisplayCompositor]GL ERROR :GL_INVALID_OPERATION : DoEndSharedImageAccessCHROMIUM: bound texture is not a shared image
[12785:12785:1112/003419.417206:ERROR:gles2_cmd_decoder.cc(18547)] [.DisplayCompositor]GL ERROR :GL_INVALID_OPERATION : DoBeginSharedImageAccessCHROMIUM: bound texture is not a shared image
[12785:12785:1112/003419.417319:ERROR:gles2_cmd_decoder.cc(18547)] [.DisplayCompositor]GL ERROR :GL_INVALID_OPERATION : DoBeginSharedImageAccessCHROMIUM: bound texture is not a shared image
[12785:12785:1112/003419.417417:ERROR:gles2_cmd_decoder.cc(10752)] [.DisplayCompositor]RENDER WARNING: texture bound to texture unit 0 is not renderable. It might be non-power-of-2 or have incompatible texture filtering (maybe)?
[12785:12785:1112/003419.417635:ERROR:gles2_cmd_decoder.cc(18576)] [.DisplayCompositor]GL ERROR :GL_INVALID_OPERATION : DoEndSharedImageAccessCHROMIUM: bound texture is not a shared image
[12785:12785:1112/003419.417703:ERROR:gles2_cmd_decoder.cc(18576)] [.DisplayCompositor]GL ERROR :GL_INVALID_OPERATION : DoEndSharedImageAccessCHROMIUM: bound texture is not a shared image
[12785:12785:1112/003419.417781:ERROR:gles2_cmd_decoder.cc(18547)] [.DisplayCompositor]GL ERROR :GL_INVALID_OPERATION : DoBeginSharedImageAccessCHROMIUM: bound texture is not a shared image
[12785:12785:1112/003419.417875:ERROR:gles2_cmd_decoder.cc(10752)] [.DisplayCompositor]RENDER WARNING: texture bound to texture unit 0 is not renderable. It might be non-power-of-2 or have incompatible texture filtering (maybe)?
[12785:12785:1112/003419.417979:ERROR:gles2_cmd_decoder.cc(18576)] [.DisplayCompositor]GL ERROR :GL_INVALID_OPERATION : DoEndSharedImageAccessCHROMIUM: bound texture is not a shared image
[12785:12785:1112/003419.433765:ERROR:gles2_cmd_decoder.cc(18547)] [.DisplayCompositor]GL ERROR :GL_INVALID_OPERATION : DoBeginSharedImageAccessCHROMIUM: bound texture is not a shared image
[12785:12785:1112/003419.434241:ERROR:gles2_cmd_decoder.cc(18576)] [.DisplayCompositor]GL ERROR :GL_INVALID_OPERATION : DoEndSharedImageAccessCHROMIUM: bound texture is not a shared image
[12785:12785:1112/003419.434594:ERROR:gles2_cmd_decoder.cc(18547)] [.DisplayCompositor]GL ERROR :GL_INVALID_OPERATION : DoBeginSharedImageAccessCHROMIUM: bound texture is not a shared image
[12785:12785:1112/003419.434817:ERROR:gles2_cmd_decoder.cc(18547)] [.DisplayCompositor]GL ERROR :GL_INVALID_OPERATION : DoBeginSharedImageAccessCHROMIUM: bound texture is not a shared image
[12785:12785:1112/003419.435016:ERROR:gles2_cmd_decoder.cc(10752)] [.DisplayCompositor]RENDER WARNING: texture bound to texture unit 0 is not renderable. It might be non-power-of-2 or have incompatible texture filtering (maybe)?
[12785:12785:1112/003419.435268:ERROR:gles2_cmd_decoder.cc(18576)] [.DisplayCompositor]GL ERROR :GL_INVALID_OPERATION : DoEndSharedImageAccessCHROMIUM: bound texture is not a shared image
[12785:12785:1112/003419.435535:ERROR:gles2_cmd_decoder.cc(18576)] [.DisplayCompositor]GL ERROR :GL_INVALID_OPERATION : DoEndSharedImageAccessCHROMIUM: bound texture is not a shared image
[12785:12785:1112/003419.435671:ERROR:gles2_cmd_decoder.cc(18547)] [.DisplayCompositor]GL ERROR :GL_INVALID_OPERATION : DoBeginSharedImageAccessCHROMIUM: bound texture is not a shared image
[12785:12785:1112/003419.435830:ERROR:gles2_cmd_decoder.cc(10752)] [.DisplayCompositor]RENDER WARNING: texture bound to texture unit 0 is not renderable. It might be non-power-of-2 or have incompatible texture filtering (maybe)?
[12785:12785:1112/003419.435931:ERROR:gles2_cmd_decoder.cc(18576)] [.DisplayCompositor]GL ERROR :GL_INVALID_OPERATION : DoEndSharedImageAccessCHROMIUM: bound texture is not a shared image
[12785:12785:1112/003419.445650:ERROR:gles2_cmd_decoder.cc(18547)] [.DisplayCompositor]GL ERROR :GL_INVALID_OPERATION : DoBeginSharedImageAccessCHROMIUM: bound texture is not a shared image
[12785:12785:1112/003419.445870:ERROR:gles2_cmd_decoder.cc(18576)] [.DisplayCompositor]GL ERROR :GL_INVALID_OPERATION : DoEndSharedImageAccessCHROMIUM: bound texture is not a shared image
[12785:12785:1112/003419.445974:ERROR:gles2_cmd_decoder.cc(18547)] [.DisplayCompositor]GL ERROR :GL_INVALID_OPERATION : DoBeginSharedImageAccessCHROMIUM: bound texture is not a shared image
[12785:12785:1112/003419.446036:ERROR:gles2_cmd_decoder.cc(18547)] [.DisplayCompositor]GL ERROR :GL_INVALID_OPERATION : DoBeginSharedImageAccessCHROMIUM: bound texture is not a shared image
[12785:12785:1112/003419.446118:ERROR:gles2_cmd_decoder.cc(10752)] [.DisplayCompositor]RENDER WARNING: texture bound to texture unit 0 is not renderable. It might be non-power-of-2 or have incompatible texture filtering (maybe)?
[12785:12785:1112/003419.446220:ERROR:gles2_cmd_decoder.cc(18576)] [.DisplayCompositor]GL ERROR :GL_INVALID_OPERATION : DoEndSharedImageAccessCHROMIUM: bound texture is not a shared image
[12785:12785:1112/003419.446324:ERROR:gles2_cmd_decoder.cc(18576)] [.DisplayCompositor]GL ERROR :GL_INVALID_OPERATION : DoEndSharedImageAccessCHROMIUM: bound texture is not a shared image
[12785:12785:1112/003419.446414:ERROR:gles2_cmd_decoder.cc(18547)] [.DisplayCompositor]GL ERROR :GL_INVALID_OPERATION : DoBeginSharedImageAccessCHROMIUM: bound texture is not a shared image
[12785:12785:1112/003419.446492:ERROR:gles2_cmd_decoder.cc(10752)] [.DisplayCompositor]RENDER WARNING: texture bound to texture unit 0 is not renderable. It might be non-power-of-2 or have incompatible texture filtering (maybe)?
[12785:12785:1112/003419.446598:ERROR:gles2_cmd_decoder.cc(18576)] [.DisplayCompositor]GL ERROR :GL_INVALID_OPERATION : DoEndSharedImageAccessCHROMIUM: bound texture is not a shared image
[12785:12785:1112/003419.466484:ERROR:gles2_cmd_decoder.cc(18547)] [.DisplayCompositor]GL ERROR :GL_INVALID_OPERATION : DoBeginSharedImageAccessCHROMIUM: bound texture is not a shared image
[12785:12785:1112/003419.466667:ERROR:gles2_cmd_decoder.cc(18576)] [.DisplayCompositor]GL ERROR :GL_INVALID_OPERATION : DoEndSharedImageAccessCHROMIUM: bound texture is not a shared image
[12785:12785:1112/003419.466785:ERROR:gles2_cmd_decoder.cc(18547)] [.DisplayCompositor]GL ERROR :GL_INVALID_OPERATION : DoBeginSharedImageAccessCHROMIUM: bound texture is not a shared image
[12785:12785:1112/003419.466895:ERROR:gles2_cmd_decoder.cc(18547)] [.DisplayCompositor]GL ERROR :GL_INVALID_OPERATION : DoBeginSharedImageAccessCHROMIUM: bound texture is not a shared image
[12785:12785:1112/003419.466996:ERROR:gles2_cmd_decoder.cc(10752)] [.DisplayCompositor]RENDER WARNING: texture bound to texture unit 0 is not renderable. It might be non-power-of-2 or have incompatible texture filtering (maybe)?
[12785:12785:1112/003419.467102:ERROR:gles2_cmd_decoder.cc(18576)] [.DisplayCompositor]GL ERROR :GL_INVALID_OPERATION : DoEndSharedImageAccessCHROMIUM: bound texture is not a shared image
[12785:12785:1112/003419.467210:ERROR:gles2_cmd_decoder.cc(18576)] [.DisplayCompositor]GL ERROR :GL_INVALID_OPERATION : DoEndSharedImageAccessCHROMIUM: bound texture is not a shared image
[12785:12785:1112/003419.467283:ERROR:gles2_cmd_decoder.cc(18547)] [.DisplayCompositor]GL ERROR :GL_INVALID_OPERATION : DoBeginSharedImageAccessCHROMIUM: bound texture is not a shared image
[12785:12785:1112/003419.467365:ERROR:gles2_cmd_decoder.cc(10752)] [.DisplayCompositor]RENDER WARNING: texture bound to texture unit 0 is not renderable. It might be non-power-of-2 or have incompatible texture filtering (maybe)?
[12785:12785:1112/003419.467545:ERROR:gles2_cmd_decoder.cc(18576)] [.DisplayCompositor]GL ERROR :GL_INVALID_OPERATION : DoEndSharedImageAccessCHROMIUM: bound texture is not a shared image
[12785:12785:1112/003419.482729:ERROR:gles2_cmd_decoder.cc(18547)] [.DisplayCompositor]GL ERROR :GL_INVALID_OPERATION : DoBeginSharedImageAccessCHROMIUM: bound texture is not a shared image
[12785:12785:1112/003419.482894:ERROR:gles2_cmd_decoder.cc(18576)] [.DisplayCompositor]GL ERROR :GL_INVALID_OPERATION : DoEndSharedImageAccessCHROMIUM: bound texture is not a shared image
[12785:12785:1112/003419.482988:ERROR:gles2_cmd_decoder.cc(18547)] [.DisplayCompositor]GL ERROR :GL_INVALID_OPERATION : DoBeginSharedImageAccessCHROMIUM: bound texture is not a shared image
[12785:12785:1112/003419.483072:ERROR:gles2_cmd_decoder.cc(18547)] [.DisplayCompositor]GL ERROR :GL_INVALID_OPERATION : DoBeginSharedImageAccessCHROMIUM: bound texture is not a shared image
[12785:12785:1112/003419.483168:ERROR:gles2_cmd_decoder.cc(10752)] [.DisplayCompositor]RENDER WARNING: texture bound to texture unit 0 is not renderable. It might be non-power-of-2 or have incompatible texture filtering (maybe)?
[12785:12785:1112/003419.483333:ERROR:gles2_cmd_decoder.cc(18576)] [.DisplayCompositor]GL ERROR :GL_INVALID_OPERATION : DoEndSharedImageAccessCHROMIUM: bound texture is not a shared image
[12785:12785:1112/003419.483417:ERROR:gles2_cmd_decoder.cc(18576)] [.DisplayCompositor]GL ERROR :GL_INVALID_OPERATION : DoEndSharedImageAccessCHROMIUM: bound texture is not a shared image
[12785:12785:1112/003419.483534:ERROR:gles2_cmd_decoder.cc(18547)] [.DisplayCompositor]GL ERROR :GL_INVALID_OPERATION : DoBeginSharedImageAccessCHROMIUM: bound texture is not a shared image
[12785:12785:1112/003419.483637:ERROR:gles2_cmd_decoder.cc(10752)] [.DisplayCompositor]RENDER WARNING: texture bound to texture unit 0 is not renderable. It might be non-power-of-2 or have incompatible texture filtering (maybe)?
[12785:12785:1112/003419.483736:ERROR:gles2_cmd_decoder.cc(18576)] [.DisplayCompositor]GL ERROR :GL_INVALID_OPERATION : DoEndSharedImageAccessCHROMIUM: bound texture is not a shared image
[12785:12785:1112/003419.501365:ERROR:gles2_cmd_decoder.cc(18547)] [.DisplayCompositor]GL ERROR :GL_INVALID_OPERATION : DoBeginSharedImageAccessCHROMIUM: bound texture is not a shared image
[12785:12785:1112/003419.501535:ERROR:gles2_cmd_decoder.cc(18576)] [.DisplayCompositor]GL ERROR :GL_INVALID_OPERATION : DoEndSharedImageAccessCHROMIUM: bound texture is not a shared image
[12785:12785:1112/003419.501635:ERROR:gles2_cmd_decoder.cc(18547)] [.DisplayCompositor]GL ERROR :GL_INVALID_OPERATION : DoBeginSharedImageAccessCHROMIUM: bound texture is not a shared image
[12785:12785:1112/003419.501710:ERROR:gles2_cmd_decoder.cc(18547)] [.DisplayCompositor]GL ERROR :GL_INVALID_OPERATION : DoBeginSharedImageAccessCHROMIUM: bound texture is not a shared image
[12785:12785:1112/003419.501782:ERROR:gles2_cmd_decoder.cc(10752)] [.DisplayCompositor]RENDER WARNING: texture bound to texture unit 0 is not renderable. It might be non-power-of-2 or have incompatible texture filtering (maybe)?
[12785:12785:1112/003419.501886:ERROR:gles2_cmd_decoder.cc(18576)] [.DisplayCompositor]GL ERROR :GL_INVALID_OPERATION : DoEndSharedImageAccessCHROMIUM: bound texture is not a shared image
[12785:12785:1112/003419.501958:ERROR:gles2_cmd_decoder.cc(18576)] [.DisplayCompositor]GL ERROR :GL_INVALID_OPERATION : DoEndSharedImageAccessCHROMIUM: bound texture is not a shared image
[12785:12785:1112/003419.502011:ERROR:gles2_cmd_decoder.cc(18547)] [.DisplayCompositor]GL ERROR :GL_INVALID_OPERATION : DoBeginSharedImageAccessCHROMIUM: bound texture is not a shared image
[12785:12785:1112/003419.502078:ERROR:gles2_cmd_decoder.cc(10752)] [.DisplayCompositor]RENDER WARNING: texture bound to texture unit 0 is not renderable. It might be non-power-of-2 or have incompatible texture filtering (maybe)?
[12785:12785:1112/003419.502201:ERROR:gles2_cmd_decoder.cc(18576)] [.DisplayCompositor]GL ERROR :GL_INVALID_OPERATION : DoEndSharedImageAccessCHROMIUM: bound texture is not a shared image
[12785:12785:1112/003419.516282:ERROR:gles2_cmd_decoder.cc(18547)] [.DisplayCompositor]GL ERROR :GL_INVALID_OPERATION : DoBeginSharedImageAccessCHROMIUM: bound texture is not a shared image
[12785:12785:1112/003419.516716:ERROR:gles2_cmd_decoder.cc(18576)] [.DisplayCompositor]GL ERROR :GL_INVALID_OPERATION : DoEndSharedImageAccessCHROMIUM: bound texture is not a shared image
[12785:12785:1112/003419.516970:ERROR:gles2_cmd_decoder.cc(18547)] [.DisplayCompositor]GL ERROR :GL_INVALID_OPERATION : DoBeginSharedImageAccessCHROMIUM: bound texture is not a shared image
[12785:12785:1112/003419.517188:ERROR:gles2_cmd_decoder.cc(18547)] [.DisplayCompositor]GL ERROR :GL_INVALID_OPERATION : DoBeginSharedImageAccessCHROMIUM: bound texture is not a shared image
[12785:12785:1112/003419.517390:ERROR:gles2_cmd_decoder.cc(10752)] [.DisplayCompositor]RENDER WARNING: texture bound to texture unit 0 is not renderable. It might be non-power-of-2 or have incompatible texture filtering (maybe)?
[12785:12785:1112/003419.517596:ERROR:gles2_cmd_decoder.cc(18576)] [.DisplayCompositor]GL ERROR :GL_INVALID_OPERATION : DoEndSharedImageAccessCHROMIUM: bound texture is not a shared image
[12785:12785:1112/003419.517722:ERROR:gles2_cmd_decoder.cc(18576)] [.DisplayCompositor]GL ERROR :GL_INVALID_OPERATION : DoEndSharedImageAccessCHROMIUM: bound texture is not a shared image
[12785:12785:1112/003419.517856:ERROR:gles2_cmd_decoder.cc(18547)] [.DisplayCompositor]GL ERROR :GL_INVALID_OPERATION : DoBeginSharedImageAccessCHROMIUM: bound texture is not a shared image
[12785:12785:1112/003419.518256:ERROR:gles2_cmd_decoder.cc(10752)] [.DisplayCompositor]RENDER WARNING: texture bound to texture unit 0 is not renderable. It might be non-power-of-2 or have incompatible texture filtering (maybe)?
[12785:12785:1112/003419.518468:ERROR:gles2_cmd_decoder.cc(18576)] [.DisplayCompositor]GL ERROR :GL_INVALID_OPERATION : DoEndSharedImageAccessCHROMIUM: bound texture is not a shared image
[12785:12785:1112/003419.535315:ERROR:gles2_cmd_decoder.cc(18547)] [.DisplayCompositor]GL ERROR :GL_INVALID_OPERATION : DoBeginSharedImageAccessCHROMIUM: bound texture is not a shared image
[12785:12785:1112/003419.535463:ERROR:gles2_cmd_decoder.cc(18576)] [.DisplayCompositor]GL ERROR :GL_INVALID_OPERATION : DoEndSharedImageAccessCHROMIUM: bound texture is not a shared image
[12785:12785:1112/003419.535542:ERROR:gles2_cmd_decoder.cc(18547)] [.DisplayCompositor]GL ERROR :GL_INVALID_OPERATION : DoBeginSharedImageAccessCHROMIUM: bound texture is not a shared image
[12785:12785:1112/003419.535605:ERROR:gles2_cmd_decoder.cc(18547)] [.DisplayCompositor]GL ERROR :GL_INVALID_OPERATION : DoBeginSharedImageAccessCHROMIUM: bound texture is not a shared image
[12785:12785:1112/003419.535686:ERROR:gles2_cmd_decoder.cc(10752)] [.DisplayCompositor]RENDER WARNING: texture bound to texture unit 0 is not renderable. It might be non-power-of-2 or have incompatible texture filtering (maybe)?
[12785:12785:1112/003419.535768:ERROR:gles2_cmd_decoder.cc(18576)] [.DisplayCompositor]GL ERROR :GL_INVALID_OPERATION : DoEndSharedImageAccessCHROMIUM: bound texture is not a shared image
[12785:12785:1112/003419.535829:ERROR:gles2_cmd_decoder.cc(18576)] [.DisplayCompositor]GL ERROR :GL_INVALID_OPERATION : DoEndSharedImageAccessCHROMIUM: bound texture is not a shared image
[12785:12785:1112/003419.535884:ERROR:gles2_cmd_decoder.cc(18547)] [.DisplayCompositor]GL ERROR :GL_INVALID_OPERATION : DoBeginSharedImageAccessCHROMIUM: bound texture is not a shared image
[12785:12785:1112/003419.535949:ERROR:gles2_cmd_decoder.cc(10752)] [.DisplayCompositor]RENDER WARNING: texture bound to texture unit 0 is not renderable. It might be non-power-of-2 or have incompatible texture filtering (maybe)?
[12785:12785:1112/003419.536033:ERROR:gles2_cmd_decoder.cc(18576)] [.DisplayCompositor]GL ERROR :GL_INVALID_OPERATION : DoEndSharedImageAccessCHROMIUM: bound texture is not a shared image
[12785:12785:1112/003419.552130:ERROR:gles2_cmd_decoder.cc(18547)] [.DisplayCompositor]GL ERROR :GL_INVALID_OPERATION : DoBeginSharedImageAccessCHROMIUM: bound texture is not a shared image
[12785:12785:1112/003419.552286:ERROR:gles2_cmd_decoder.cc(18576)] [.DisplayCompositor]GL ERROR :GL_INVALID_OPERATION : DoEndSharedImageAccessCHROMIUM: bound texture is not a shared image
[12785:12785:1112/003419.552352:ERROR:gles2_cmd_decoder.cc(18547)] [.DisplayCompositor]GL ERROR :GL_INVALID_OPERATION : DoBeginSharedImageAccessCHROMIUM: bound texture is not a shared image
[12785:12785:1112/003419.552418:ERROR:gles2_cmd_decoder.cc(18547)] [.DisplayCompositor]GL ERROR :GL_INVALID_OPERATION : DoBeginSharedImageAccessCHROMIUM: bound texture is not a shared image
[12785:12785:1112/003419.552487:ERROR:gles2_cmd_decoder.cc(10752)] [.DisplayCompositor]RENDER WARNING: texture bound to texture unit 0 is not renderable. It might be non-power-of-2 or have incompatible texture filtering (maybe)?
[12785:12785:1112/003419.552555:ERROR:gles2_cmd_decoder.cc(18576)] [.DisplayCompositor]GL ERROR :GL_INVALID_OPERATION : DoEndSharedImageAccessCHROMIUM: bound texture is not a shared image
[12785:12785:1112/003419.552601:ERROR:gles2_cmd_decoder.cc(18576)] [.DisplayCompositor]GL ERROR :GL_INVALID_OPERATION : DoEndSharedImageAccessCHROMIUM: bound texture is not a shared image
[12785:12785:1112/003419.552642:ERROR:gles2_cmd_decoder.cc(18547)] [.DisplayCompositor]GL ERROR :GL_INVALID_OPERATION : DoBeginSharedImageAccessCHROMIUM: bound texture is not a shared image
[12785:12785:1112/003419.552758:ERROR:gles2_cmd_decoder.cc(10752)] [.DisplayCompositor]RENDER WARNING: texture bound to texture unit 0 is not renderable. It might be non-power-of-2 or have incompatible texture filtering (maybe)?
[12785:12785:1112/003419.552840:ERROR:gles2_cmd_decoder.cc(18576)] [.DisplayCompositor]GL ERROR :GL_INVALID_OPERATION : DoEndSharedImageAccessCHROMIUM: bound texture is not a shared image
[12785:12785:1112/003419.564987:ERROR:gles2_cmd_decoder.cc(18547)] [.DisplayCompositor]GL ERROR :GL_INVALID_OPERATION : DoBeginSharedImageAccessCHROMIUM: bound texture is not a shared image
[12785:12785:1112/003419.565164:ERROR:gles2_cmd_decoder.cc(18576)] [.DisplayCompositor]GL ERROR :GL_INVALID_OPERATION : DoEndSharedImageAccessCHROMIUM: bound texture is not a shared image
[12785:12785:1112/003419.565248:ERROR:gles2_cmd_decoder.cc(18547)] [.DisplayCompositor]GL ERROR :GL_INVALID_OPERATION : DoBeginSharedImageAccessCHROMIUM: bound texture is not a shared image
[12785:12785:1112/003419.565309:ERROR:gles2_cmd_decoder.cc(18547)] [.DisplayCompositor]GL ERROR :GL_INVALID_OPERATION : DoBeginSharedImageAccessCHROMIUM: bound texture is not a shared image
[12785:12785:1112/003419.565367:ERROR:gles2_cmd_decoder.cc(10752)] [.DisplayCompositor]RENDER WARNING: texture bound to texture unit 0 is not renderable. It might be non-power-of-2 or have incompatible texture filtering (maybe)?
[12785:12785:1112/003419.565434:ERROR:gles2_cmd_decoder.cc(18576)] [.DisplayCompositor]GL ERROR :GL_INVALID_OPERATION : DoEndSharedImageAccessCHROMIUM: bound texture is not a shared image
[12785:12785:1112/003419.565521:ERROR:gles2_cmd_decoder.cc(18576)] [.DisplayCompositor]GL ERROR :GL_INVALID_OPERATION : DoEndSharedImageAccessCHROMIUM: bound texture is not a shared image
[12785:12785:1112/003419.565585:ERROR:gles2_cmd_decoder.cc(18547)] [.DisplayCompositor]GL ERROR :GL_INVALID_OPERATION : DoBeginSharedImageAccessCHROMIUM: bound texture is not a shared image
[12785:12785:1112/003419.565650:ERROR:gles2_cmd_decoder.cc(10752)] [.DisplayCompositor]RENDER WARNING: texture bound to texture unit 0 is not renderable. It might be non-power-of-2 or have incompatible texture filtering (maybe)?
[12785:12785:1112/003419.565725:ERROR:gles2_cmd_decoder.cc(18576)] [.DisplayCompositor]GL ERROR :GL_INVALID_OPERATION : DoEndSharedImageAccessCHROMIUM: bound texture is not a shared image
[12785:12785:1112/003419.578793:ERROR:gles2_cmd_decoder.cc(18547)] [.DisplayCompositor]GL ERROR :GL_INVALID_OPERATION : DoBeginSharedImageAccessCHROMIUM: bound texture is not a shared image
[12785:12785:1112/003419.579056:ERROR:gles2_cmd_decoder.cc(18576)] [.DisplayCompositor]GL ERROR :GL_INVALID_OPERATION : DoEndSharedImageAccessCHROMIUM: bound texture is not a shared image
[12785:12785:1112/003419.579156:ERROR:gles2_cmd_decoder.cc(18547)] [.DisplayCompositor]GL ERROR :GL_INVALID_OPERATION : DoBeginSharedImageAccessCHROMIUM: bound texture is not a shared image
[12785:12785:1112/003419.579308:ERROR:gles2_cmd_decoder.cc(18547)] [.DisplayCompositor]GL ERROR :GL_INVALID_OPERATION : DoBeginSharedImageAccessCHROMIUM: bound texture is not a shared image
[12785:12785:1112/003419.579414:ERROR:gles2_cmd_decoder.cc(10752)] [.DisplayCompositor]RENDER WARNING: texture bound to texture unit 0 is not renderable. It might be non-power-of-2 or have incompatible texture filtering (maybe)?
[12785:12785:1112/003419.579567:ERROR:gles2_cmd_decoder.cc(18576)] [.DisplayCompositor]GL ERROR :GL_INVALID_OPERATION : DoEndSharedImageAccessCHROMIUM: bound texture is not a shared image
[12785:12785:1112/003419.579667:ERROR:gles2_cmd_decoder.cc(18576)] [.DisplayCompositor]GL ERROR :GL_INVALID_OPERATION : DoEndSharedImageAccessCHROMIUM: bound texture is not a shared image
[12785:12785:1112/003419.579773:ERROR:gles2_cmd_decoder.cc(18547)] [.DisplayCompositor]GL ERROR :GL_INVALID_OPERATION : DoBeginSharedImageAccessCHROMIUM: bound texture is not a shared image
[12785:12785:1112/003419.579876:ERROR:gles2_cmd_decoder.cc(10752)] [.DisplayCompositor]RENDER WARNING: texture bound to texture unit 0 is not renderable. It might be non-power-of-2 or have incompatible texture filtering (maybe)?
[12785:12785:1112/003419.580026:ERROR:gles2_cmd_decoder.cc(18576)] [.DisplayCompositor]GL ERROR :GL_INVALID_OPERATION : DoEndSharedImageAccessCHROMIUM: bound texture is not a shared image
[12785:12785:1112/003419.599205:ERROR:gles2_cmd_decoder.cc(18547)] [.DisplayCompositor]GL ERROR :GL_INVALID_OPERATION : DoBeginSharedImageAccessCHROMIUM: bound texture is not a shared image
[12785:12785:1112/003419.599350:ERROR:gles2_cmd_decoder.cc(18576)] [.DisplayCompositor]GL ERROR :GL_INVALID_OPERATION : DoEndSharedImageAccessCHROMIUM: bound texture is not a shared image
[12785:12785:1112/003419.599435:ERROR:gles2_cmd_decoder.cc(18547)] [.DisplayCompositor]GL ERROR :GL_INVALID_OPERATION : DoBeginSharedImageAccessCHROMIUM: bound texture is not a shared image
[12785:12785:1112/003419.599540:ERROR:gles2_cmd_decoder.cc(18547)] [.DisplayCompositor]GL ERROR :GL_INVALID_OPERATION : DoBeginSharedImageAccessCHROMIUM: bound texture is not a shared image
[12785:12785:1112/003419.599634:ERROR:gles2_cmd_decoder.cc(10752)] [.DisplayCompositor]RENDER WARNING: texture bound to texture unit 0 is not renderable. It might be non-power-of-2 or have incompatible texture filtering (maybe)?
[12785:12785:1112/003419.599710:ERROR:gles2_cmd_decoder.cc(18576)] [.DisplayCompositor]GL ERROR :GL_INVALID_OPERATION : DoEndSharedImageAccessCHROMIUM: bound texture is not a shared image
[12785:12785:1112/003419.599797:ERROR:gles2_cmd_decoder.cc(18576)] [.DisplayCompositor]GL ERROR :GL_INVALID_OPERATION : DoEndSharedImageAccessCHROMIUM: bound texture is not a shared image
[12785:12785:1112/003419.599878:ERROR:gles2_cmd_decoder.cc(18547)] [.DisplayCompositor]GL ERROR :GL_INVALID_OPERATION : DoBeginSharedImageAccessCHROMIUM: bound texture is not a shared image
[12785:12785:1112/003419.599984:ERROR:gles2_cmd_decoder.cc(10752)] [.DisplayCompositor]RENDER WARNING: texture bound to texture unit 0 is not renderable. It might be non-power-of-2 or have incompatible texture filtering (maybe)?
[12785:12785:1112/003419.600070:ERROR:gles2_cmd_decoder.cc(18576)] [.DisplayCompositor]GL ERROR :GL_INVALID_OPERATION : DoEndSharedImageAccessCHROMIUM: bound texture is not a shared image
[12785:12785:1112/003419.615951:ERROR:gles2_cmd_decoder.cc(18547)] [.DisplayCompositor]GL ERROR :GL_INVALID_OPERATION : DoBeginSharedImageAccessCHROMIUM: bound texture is not a shared image
[12785:12785:1112/003419.616118:ERROR:gles2_cmd_decoder.cc(18576)] [.DisplayCompositor]GL ERROR :GL_INVALID_OPERATION : DoEndSharedImageAccessCHROMIUM: bound texture is not a shared image
[12785:12785:1112/003419.616251:ERROR:gles2_cmd_decoder.cc(18547)] [.DisplayCompositor]GL ERROR :GL_INVALID_OPERATION : DoBeginSharedImageAccessCHROMIUM: bound texture is not a shared image
[12785:12785:1112/003419.616321:ERROR:gles2_cmd_decoder.cc(18547)] [.DisplayCompositor]GL ERROR :GL_INVALID_OPERATION : DoBeginSharedImageAccessCHROMIUM: bound texture is not a shared image
[12785:12785:1112/003419.616443:ERROR:gles2_cmd_decoder.cc(10752)] [.DisplayCompositor]RENDER WARNING: texture bound to texture unit 0 is not renderable. It might be non-power-of-2 or have incompatible texture filtering (maybe)?
[12785:12785:1112/003419.616615:ERROR:gles2_cmd_decoder.cc(18576)] [.DisplayCompositor]GL ERROR :GL_INVALID_OPERATION : DoEndSharedImageAccessCHROMIUM: bound texture is not a shared image
[12785:12785:1112/003419.616748:ERROR:gles2_cmd_decoder.cc(18576)] [.DisplayCompositor]GL ERROR :GL_INVALID_OPERATION : DoEndSharedImageAccessCHROMIUM: bound texture is not a shared image
[12785:12785:1112/003419.616871:ERROR:gles2_cmd_decoder.cc(18547)] [.DisplayCompositor]GL ERROR :GL_INVALID_OPERATION : DoBeginSharedImageAccessCHROMIUM: bound texture is not a shared image
[12785:12785:1112/003419.616959:ERROR:gles2_cmd_decoder.cc(10752)] [.DisplayCompositor]RENDER WARNING: texture bound to texture unit 0 is not renderable. It might be non-power-of-2 or have incompatible texture filtering (maybe)?
[12785:12785:1112/003419.617112:ERROR:gles2_cmd_decoder.cc(18576)] [.DisplayCompositor]GL ERROR :GL_INVALID_OPERATION : DoEndSharedImageAccessCHROMIUM: bound texture is not a shared image
[12785:12785:1112/003419.721971:ERROR:gles2_cmd_decoder.cc(18547)] [.DisplayCompositor]GL ERROR :GL_INVALID_OPERATION : DoBeginSharedImageAccessCHROMIUM: bound texture is not a shared image
[12785:12785:1112/003419.722196:ERROR:gles2_cmd_decoder.cc(18576)] [.DisplayCompositor]GL ERROR :GL_INVALID_OPERATION : DoEndSharedImageAccessCHROMIUM: bound texture is not a shared image
[12785:12785:1112/003419.722342:ERROR:gles2_cmd_decoder.cc(18547)] [.DisplayCompositor]GL ERROR :GL_INVALID_OPERATION : DoBeginSharedImageAccessCHROMIUM: bound texture is not a shared image
[12785:12785:1112/003419.722510:ERROR:gles2_cmd_decoder.cc(18547)] [.DisplayCompositor]GL ERROR :GL_INVALID_OPERATION : DoBeginSharedImageAccessCHROMIUM: bound texture is not a shared image
[12785:12785:1112/003419.722668:ERROR:gles2_cmd_decoder.cc(10752)] [.DisplayCompositor]RENDER WARNING: texture bound to texture unit 0 is not renderable. It might be non-power-of-2 or have incompatible texture filtering (maybe)?
[12785:12785:1112/003419.722843:ERROR:gles2_cmd_decoder.cc(18576)] [.DisplayCompositor]GL ERROR :GL_INVALID_OPERATION : DoEndSharedImageAccessCHROMIUM: bound texture is not a shared image
[12785:12785:1112/003419.722944:ERROR:gles2_cmd_decoder.cc(18576)] [.DisplayCompositor]GL ERROR :GL_INVALID_OPERATION : DoEndSharedImageAccessCHROMIUM: bound texture is not a shared image
[12785:12785:1112/003419.723070:ERROR:gles2_cmd_decoder.cc(18547)] [.DisplayCompositor]GL ERROR :GL_INVALID_OPERATION : DoBeginSharedImageAccessCHROMIUM: bound texture is not a shared image
[12785:12785:1112/003419.723198:ERROR:gles2_cmd_decoder.cc(10752)] [.DisplayCompositor]RENDER WARNING: texture bound to texture unit 0 is not renderable. It might be non-power-of-2 or have incompatible texture filtering (maybe)?
[12785:12785:1112/003419.723428:ERROR:gles2_cmd_decoder.cc(18576)] [.DisplayCompositor]GL ERROR :GL_INVALID_OPERATION : DoEndSharedImageAccessCHROMIUM: bound texture is not a shared image
[12785:12785:1112/003419.735123:ERROR:gles2_cmd_decoder.cc(18547)] [.DisplayCompositor]GL ERROR :GL_INVALID_OPERATION : DoBeginSharedImageAccessCHROMIUM: bound texture is not a shared image
[12785:12785:1112/003419.735348:ERROR:gles2_cmd_decoder.cc(18576)] [.DisplayCompositor]GL ERROR :GL_INVALID_OPERATION : DoEndSharedImageAccessCHROMIUM: bound texture is not a shared image
[12785:12785:1112/003419.735447:ERROR:gles2_cmd_decoder.cc(18547)] [.DisplayCompositor]GL ERROR :GL_INVALID_OPERATION : DoBeginSharedImageAccessCHROMIUM: bound texture is not a shared image
[12785:12785:1112/003419.735584:ERROR:gles2_cmd_decoder.cc(18547)] [.DisplayCompositor]GL ERROR :GL_INVALID_OPERATION : DoBeginSharedImageAccessCHROMIUM: bound texture is not a shared image
[12785:12785:1112/003419.735669:ERROR:gles2_cmd_decoder.cc(10752)] [.DisplayCompositor]RENDER WARNING: texture bound to texture unit 0 is not renderable. It might be non-power-of-2 or have incompatible texture filtering (maybe)?
[12785:12785:1112/003419.735753:ERROR:gles2_cmd_decoder.cc(18576)] [.DisplayCompositor]GL ERROR :GL_INVALID_OPERATION : DoEndSharedImageAccessCHROMIUM: bound texture is not a shared image
[12785:12785:1112/003419.735812:ERROR:gles2_cmd_decoder.cc(18576)] [.DisplayCompositor]GL ERROR :GL_INVALID_OPERATION : DoEndSharedImageAccessCHROMIUM: bound texture is not a shared image
[12785:12785:1112/003419.735872:ERROR:gles2_cmd_decoder.cc(18547)] [.DisplayCompositor]GL ERROR :GL_INVALID_OPERATION : DoBeginSharedImageAccessCHROMIUM: bound texture is not a shared image
[12785:12785:1112/003419.735927:ERROR:gles2_cmd_decoder.cc(10752)] [.DisplayCompositor]RENDER WARNING: texture bound to texture unit 0 is not renderable. It might be non-power-of-2 or have incompatible texture filtering (maybe)?
[12785:12785:1112/003419.735995:ERROR:gles2_cmd_decoder.cc(18576)] [.DisplayCompositor]GL ERROR :GL_INVALID_OPERATION : DoEndSharedImageAccessCHROMIUM: bound texture is not a shared image
[12785:12785:1112/003419.748430:ERROR:gles2_cmd_decoder.cc(18547)] [.DisplayCompositor]GL ERROR :GL_INVALID_OPERATION : DoBeginSharedImageAccessCHROMIUM: bound texture is not a shared image
[12785:12785:1112/003419.748602:ERROR:gles2_cmd_decoder.cc(18576)] [.DisplayCompositor]GL ERROR :GL_INVALID_OPERATION : DoEndSharedImageAccessCHROMIUM: bound texture is not a shared image
[12785:12785:1112/003419.748699:ERROR:gles2_cmd_decoder.cc(18547)] [.DisplayCompositor]GL ERROR :GL_INVALID_OPERATION : DoBeginSharedImageAccessCHROMIUM: bound texture is not a shared image
[12785:12785:1112/003419.748792:ERROR:gles2_cmd_decoder.cc(18547)] [.DisplayCompositor]GL ERROR :GL_INVALID_OPERATION : DoBeginSharedImageAccessCHROMIUM: bound texture is not a shared image
[12785:12785:1112/003419.748872:ERROR:gles2_cmd_decoder.cc(10752)] [.DisplayCompositor]RENDER WARNING: texture bound to texture unit 0 is not renderable. It might be non-power-of-2 or have incompatible texture filtering (maybe)?
[12785:12785:1112/003419.748981:ERROR:gles2_cmd_decoder.cc(18576)] [.DisplayCompositor]GL ERROR :GL_INVALID_OPERATION : DoEndSharedImageAccessCHROMIUM: bound texture is not a shared image
[12785:12785:1112/003419.749049:ERROR:gles2_cmd_decoder.cc(18576)] [.DisplayCompositor]GL ERROR :GL_INVALID_OPERATION : DoEndSharedImageAccessCHROMIUM: bound texture is not a shared image
[12785:12785:1112/003419.749106:ERROR:gles2_cmd_decoder.cc(18547)] [.DisplayCompositor]GL ERROR :GL_INVALID_OPERATION : DoBeginSharedImageAccessCHROMIUM: bound texture is not a shared image
[12785:12785:1112/003419.749173:ERROR:gles2_cmd_decoder.cc(10752)] [.DisplayCompositor]RENDER WARNING: texture bound to texture unit 0 is not renderable. It might be non-power-of-2 or have incompatible texture filtering (maybe)?
[12785:12785:1112/003419.749252:ERROR:gles2_cmd_decoder.cc(18576)] [.DisplayCompositor]GL ERROR :GL_INVALID_OPERATION : DoEndSharedImageAccessCHROMIUM: bound texture is not a shared image
[12785:12785:1112/003419.765820:ERROR:gles2_cmd_decoder.cc(18547)] [.DisplayCompositor]GL ERROR :GL_INVALID_OPERATION : DoBeginSharedImageAccessCHROMIUM: bound texture is not a shared image
[12785:12785:1112/003419.765977:ERROR:gles2_cmd_decoder.cc(18576)] [.DisplayCompositor]GL ERROR :GL_INVALID_OPERATION : DoEndSharedImageAccessCHROMIUM: bound texture is not a shared image
[12785:12785:1112/003419.766058:ERROR:gles2_cmd_decoder.cc(18547)] [.DisplayCompositor]GL ERROR :GL_INVALID_OPERATION : DoBeginSharedImageAccessCHROMIUM: bound texture is not a shared image
[12785:12785:1112/003419.766216:ERROR:logger.cc(46)] Too many GL errors, not reporting any more for this context. use --disable-gl-error-limit to see all errors.
[12785:12785:1112/004155.339243:ERROR:buffer_manager.cc(488)] [.DisplayCompositor]GL ERROR :GL_INVALID_OPERATION : glBufferData: <- error from previous GL command
[12785:12785:1112/004245.552561:ERROR:buffer_manager.cc(488)] [.DisplayCompositor]GL ERROR :GL_INVALID_OPERATION : glBufferData: <- error from previous GL command
[12785:12785:1112/004248.095834:ERROR:buffer_manager.cc(488)] [.DisplayCompositor]GL ERROR :GL_INVALID_OPERATION : glBufferData: <- error from previous GL command
[12785:12785:1112/004350.747341:ERROR:buffer_manager.cc(488)] [.DisplayCompositor]GL ERROR :GL_INVALID_OPERATION : glBufferData: <- error from previous GL command
[12794:12826:1112/005155.286595:ERROR:ssl_client_socket_impl.cc(969)] handshake failed; returned -1, SSL error code 1, net_error -113
[12785:12785:1112/005254.397401:ERROR:buffer_manager.cc(488)] [.DisplayCompositor]GL ERROR :GL_INVALID_OPERATION : glBufferData: <- error from previous GL command
[12785:12785:1112/005257.111949:ERROR:buffer_manager.cc(488)] [.DisplayCompositor]GL ERROR :GL_INVALID_OPERATION : glBufferData: <- error from previous GL command
[12785:12785:1112/005303.016044:ERROR:buffer_manager.cc(488)] [.DisplayCompositor]GL ERROR :GL_INVALID_OPERATION : glBufferData: <- error from previous GL command
Fontconfig error: Cannot load default config file
[12785:12785:1112/010505.723024:ERROR:buffer_manager.cc(488)] [.DisplayCompositor]GL ERROR :GL_INVALID_OPERATION : glBufferData: <- error from previous GL command
[12785:12785:1112/010514.128463:ERROR:buffer_manager.cc(488)] [.DisplayCompositor]GL ERROR :GL_INVALID_OPERATION : glBufferData: <- error from previous GL command
[12785:12785:1112/010516.873964:ERROR:buffer_manager.cc(488)] [.DisplayCompositor]GL ERROR :GL_INVALID_OPERATION : glBufferData: <- error from previous GL command
